<?xml version="1.0" encoding="UTF-8"?>
<testsuite xmlns:xsi="http://www.w3.org/2001/XMLSchema-instance" xsi:noNamespaceSchemaLocation="https://maven.apache.org/surefire/maven-surefire-plugin/xsd/surefire-test-report-3.0.xsd" version="3.0" name="conduitApp.ConduitTest" time="4.147" tests="1" errors="0" skipped="0" failures="0">
  <properties>
[...]
</properties>
  <testcase name="testParallel" classname="conduitApp.ConduitTest" time="4.136">
    <system-out><![CDATA[---------------------------------------------------------
feature: classpath:conduitApp/features/Articles.feature
scenarios:  1 | passed:  1 | failed:  0 | time: 0.7102
---------------------------------------------------------

---------------------------------------------------------
feature: classpath:conduitApp/features/HomePage.feature
scenarios:  2 | passed:  2 | failed:  0 | time: 0.9122
---------------------------------------------------------

Karate version: 1.4.1
======================================================
elapsed:   3.46 | threads:    5 | thread time: 1.62 
features:     2 | skipped:    1 | efficiency: 0.09
scenarios:    3 | passed:     3 | failed: 0
======================================================

HTML report: (paste into browser to view) | Karate version: 1.4.1
file:///C:/Users/DEWISE%20SOLUTIONS/source/repos/karate/target/karate-reports/karate-summary.html
===================================================================

]]></system-out>
    <system-err><![CDATA[SLF4J: Failed to load class "org.slf4j.impl.StaticLoggerBinder".
SLF4J: Defaulting to no-operation (NOP) logger implementation
SLF4J: See http://www.slf4j.org/codes.html#StaticLoggerBinder for further details.
Jul 04, 2024 2:07:24 PM net.masterthought.cucumber.ReportParser parseJsonFiles
INFO: File 'C:\Users\DEWISE SOLUTIONS\source\repos\karate\target\karate-reports\conduitApp.features.Articles.json' contains 1 feature(s)
Jul 04, 2024 2:07:24 PM net.masterthought.cucumber.ReportParser parseJsonFiles
INFO: File 'C:\Users\DEWISE SOLUTIONS\source\repos\karate\target\karate-reports\conduitApp.features.HomePage.json' contains 1 feature(s)
]]></system-err>
  </testcase>
</testsuite>